TN:
SF:src\character.js
FN:2,(anonymous_0)
FN:26,(anonymous_1)
FN:36,(anonymous_2)
FN:47,(anonymous_3)
FNF:4
FNH:4
FNDA:8,(anonymous_0)
FNDA:2,(anonymous_1)
FNDA:3,(anonymous_2)
FNDA:5,(anonymous_3)
DA:3,8
DA:11,8
DA:12,1
DA:14,7
DA:15,1
DA:18,6
DA:19,6
DA:20,6
DA:21,6
DA:22,6
DA:23,6
DA:27,2
DA:28,1
DA:30,1
DA:31,1
DA:32,1
DA:33,1
DA:37,3
DA:38,2
DA:39,2
DA:40,1
DA:48,5
DA:49,5
DA:50,5
LF:24
LH:24
BRDA:11,0,0,1
BRDA:11,0,1,7
BRDA:11,1,0,8
BRDA:11,1,1,8
BRDA:11,1,2,7
BRDA:14,2,0,1
BRDA:14,2,1,6
BRDA:27,3,0,1
BRDA:27,3,1,1
BRDA:37,4,0,2
BRDA:37,4,1,1
BRDA:39,5,0,1
BRDA:39,5,1,1
BRF:13
BRH:13
end_of_record
